{"/Users/ricardo/Documents/dev/micromuu/src/components/cowboy/BrandMark.tsx": {"path":"/Users/ricardo/Documents/dev/micromuu/src/components/cowboy/BrandMark.tsx","statementMap":{"0":{"start":{"line":1,"column":0},"end":{"line":1,"column":26}},"1":{"start":{"line":2,"column":0},"end":{"line":2,"column":54}},"2":{"start":{"line":3,"column":0},"end":{"line":3,"column":56}},"3":{"start":{"line":11,"column":51},"end":{"line":77,"column":1}},"4":{"start":{"line":16,"column":16},"end":{"line":16,"column":26}},"5":{"start":{"line":18,"column":2},"end":{"line":76,"column":4}},"6":{"start":{"line":11,"column":13},"end":{"line":11,"column":51}},"7":{"start":{"line":79,"column":15},"end":{"line":88,"column":2}}},"fnMap":{"0":{"name":"(anonymous_10)","decl":{"start":{"line":11,"column":51},"end":{"line":11,"column":52}},"loc":{"start":{"line":15,"column":5},"end":{"line":77,"column":1}}}},"branchMap":{"0":{"loc":{"start":{"line":12,"column":2},"end":{"line":12,"column":12}},"type":"default-arg","locations":[{"start":{"line":12,"column":9},"end":{"line":12,"column":12}}]},"1":{"loc":{"start":{"line":13,"column":2},"end":{"line":13,"column":19}},"type":"default-arg","locations":[{"start":{"line":13,"column":10},"end":{"line":13,"column":19}}]},"2":{"loc":{"start":{"line":14,"column":2},"end":{"line":14,"column":17}},"type":"default-arg","locations":[{"start":{"line":14,"column":13},"end":{"line":14,"column":17}}]},"3":{"loc":{"start":{"line":70,"column":7},"end":{"line":73,"column":null}},"type":"binary-expr","locations":[{"start":{"line":70,"column":7},"end":{"line":70,"column":15}},{"start":{"line":71,"column":8},"end":{"line":71,"column":null}}]}},"s":{"0":0,"1":0,"2":0,"3":0,"4":0,"5":0,"6":0,"7":0},"f":{"0":0},"b":{"0":[0],"1":[0],"2":[0],"3":[0,0]}}
,"/Users/ricardo/Documents/dev/micromuu/src/components/cowboy/CowboyBackground.tsx": {"path":"/Users/ricardo/Documents/dev/micromuu/src/components/cowboy/CowboyBackground.tsx","statementMap":{"0":{"start":{"line":1,"column":0},"end":{"line":1,"column":41}},"1":{"start":{"line":2,"column":0},"end":{"line":2,"column":60}},"2":{"start":{"line":3,"column":0},"end":{"line":3,"column":77}},"3":{"start":{"line":10,"column":55},"end":{"line":10,"column":79}},"4":{"start":{"line":12,"column":65},"end":{"line":124,"column":1}},"5":{"start":{"line":16,"column":22},"end":{"line":32,"column":4}},"6":{"start":{"line":34,"column":17},"end":{"line":34,"column":37}},"7":{"start":{"line":36,"column":2},"end":{"line":123,"column":4}},"8":{"start":{"line":12,"column":13},"end":{"line":12,"column":65}},"9":{"start":{"line":126,"column":15},"end":{"line":206,"column":2}}},"fnMap":{"0":{"name":"(anonymous_10)","decl":{"start":{"line":12,"column":65},"end":{"line":12,"column":66}},"loc":{"start":{"line":15,"column":5},"end":{"line":124,"column":1}}}},"branchMap":{"0":{"loc":{"start":{"line":14,"column":2},"end":{"line":14,"column":23}},"type":"default-arg","locations":[{"start":{"line":14,"column":12},"end":{"line":14,"column":23}}]}},"s":{"0":0,"1":0,"2":0,"3":0,"4":0,"5":0,"6":0,"7":0,"8":0,"9":0},"f":{"0":0},"b":{"0":[0]}}
,"/Users/ricardo/Documents/dev/micromuu/src/components/cowboy/RanchCard.tsx": {"path":"/Users/ricardo/Documents/dev/micromuu/src/components/cowboy/RanchCard.tsx","statementMap":{"0":{"start":{"line":1,"column":0},"end":{"line":1,"column":41}},"1":{"start":{"line":2,"column":0},"end":{"line":2,"column":59}},"2":{"start":{"line":3,"column":0},"end":{"line":3,"column":50}},"3":{"start":{"line":12,"column":51},"end":{"line":89,"column":1}},"4":{"start":{"line":18,"column":21},"end":{"line":34,"column":4}},"5":{"start":{"line":36,"column":17},"end":{"line":36,"column":36}},"6":{"start":{"line":38,"column":2},"end":{"line":88,"column":4}},"7":{"start":{"line":12,"column":13},"end":{"line":12,"column":51}},"8":{"start":{"line":91,"column":15},"end":{"line":142,"column":2}}},"fnMap":{"0":{"name":"(anonymous_1)","decl":{"start":{"line":12,"column":51},"end":{"line":12,"column":52}},"loc":{"start":{"line":17,"column":5},"end":{"line":89,"column":1}}}},"branchMap":{"0":{"loc":{"start":{"line":15,"column":2},"end":{"line":15,"column":17}},"type":"default-arg","locations":[{"start":{"line":15,"column":13},"end":{"line":15,"column":17}}]},"1":{"loc":{"start":{"line":16,"column":2},"end":{"line":16,"column":23}},"type":"default-arg","locations":[{"start":{"line":16,"column":12},"end":{"line":16,"column":23}}]},"2":{"loc":{"start":{"line":72,"column":9},"end":{"line":75,"column":null}},"type":"binary-expr","locations":[{"start":{"line":72,"column":9},"end":{"line":72,"column":17}},{"start":{"line":73,"column":10},"end":{"line":74,"column":null}}]},"3":{"loc":{"start":{"line":78,"column":9},"end":{"line":81,"column":null}},"type":"binary-expr","locations":[{"start":{"line":78,"column":9},"end":{"line":78,"column":17}},{"start":{"line":79,"column":10},"end":{"line":80,"column":null}}]}},"s":{"0":0,"1":0,"2":0,"3":0,"4":0,"5":0,"6":0,"7":0,"8":0},"f":{"0":0},"b":{"0":[0],"1":[0],"2":[0,0],"3":[0,0]}}
,"/Users/ricardo/Documents/dev/micromuu/src/hooks/useAuth.ts": {"path":"/Users/ricardo/Documents/dev/micromuu/src/hooks/useAuth.ts","statementMap":{"0":{"start":{"line":1,"column":0},"end":{"line":1,"column":57}},"1":{"start":{"line":3,"column":0},"end":{"line":3,"column":null}},"2":{"start":{"line":11,"column":0},"end":{"line":11,"column":79}},"3":{"start":{"line":13,"column":0},"end":{"line":13,"column":49}},"4":{"start":{"line":14,"column":0},"end":{"line":14,"column":40}},"5":{"start":{"line":16,"column":33},"end":{"line":16,"column":54}},"6":{"start":{"line":19,"column":33},"end":{"line":30,"column":1}},"7":{"start":{"line":20,"column":43},"end":{"line":23,"column":4}},"8":{"start":{"line":25,"column":2},"end":{"line":29,"column":3}},"9":{"start":{"line":26,"column":4},"end":{"line":26,"column":80}},"10":{"start":{"line":28,"column":4},"end":{"line":28,"column":90}},"11":{"start":{"line":33,"column":31},"end":{"line":52,"column":1}},"12":{"start":{"line":34,"column":28},"end":{"line":34,"column":32}},"13":{"start":{"line":36,"column":2},"end":{"line":40,"column":3}},"14":{"start":{"line":37,"column":4},"end":{"line":37,"column":58}},"15":{"start":{"line":39,"column":4},"end":{"line":39,"column":68}},"16":{"start":{"line":42,"column":2},"end":{"line":42,"column":25}},"17":{"start":{"line":42,"column":13},"end":{"line":42,"column":25}},"18":{"start":{"line":44,"column":17},"end":{"line":44,"column":56}},"19":{"start":{"line":46,"column":2},"end":{"line":49,"column":3}},"20":{"start":{"line":47,"column":4},"end":{"line":47,"column":37}},"21":{"start":{"line":48,"column":4},"end":{"line":48,"column":16}},"22":{"start":{"line":51,"column":2},"end":{"line":51,"column":16}},"23":{"start":{"line":55,"column":33},"end":{"line":61,"column":1}},"24":{"start":{"line":56,"column":2},"end":{"line":60,"column":3}},"25":{"start":{"line":57,"column":4},"end":{"line":57,"column":54}},"26":{"start":{"line":59,"column":4},"end":{"line":59,"column":64}},"27":{"start":{"line":63,"column":23},"end":{"line":154,"column":1}},"28":{"start":{"line":64,"column":36},"end":{"line":68,"column":4}},"29":{"start":{"line":69,"column":38},"end":{"line":69,"column":68}},"30":{"start":{"line":70,"column":36},"end":{"line":70,"column":51}},"31":{"start":{"line":73,"column":2},"end":{"line":104,"column":9}},"32":{"start":{"line":74,"column":24},"end":{"line":101,"column":6}},"33":{"start":{"line":75,"column":6},"end":{"line":94,"column":7}},"34":{"start":{"line":76,"column":23},"end":{"line":76,"column":52}},"35":{"start":{"line":77,"column":8},"end":{"line":77,"column":30}},"36":{"start":{"line":80,"column":24},"end":{"line":80,"column":54}},"37":{"start":{"line":81,"column":8},"end":{"line":91,"column":9}},"38":{"start":{"line":83,"column":10},"end":{"line":87,"column":13}},"39":{"start":{"line":88,"column":10},"end":{"line":88,"column":43}},"40":{"start":{"line":89,"column":10},"end":{"line":89,"column":30}},"41":{"start":{"line":90,"column":10},"end":{"line":90,"column":29}},"42":{"start":{"line":93,"column":8},"end":{"line":93,"column":28}},"43":{"start":{"line":96,"column":6},"end":{"line":100,"column":9}},"44":{"start":{"line":103,"column":4},"end":{"line":103,"column":23}},"45":{"start":{"line":107,"column":16},"end":{"line":109,"column":8}},"46":{"start":{"line":108,"column":4},"end":{"line":108,"column":31}},"47":{"start":{"line":112,"column":19},"end":{"line":115,"column":8}},"48":{"start":{"line":113,"column":4},"end":{"line":113,"column":41}},"49":{"start":{"line":114,"column":4},"end":{"line":114,"column":36}},"50":{"start":{"line":118,"column":26},"end":{"line":130,"column":8}},"51":{"start":{"line":119,"column":4},"end":{"line":121,"column":5}},"52":{"start":{"line":120,"column":6},"end":{"line":120,"column":19}},"53":{"start":{"line":123,"column":24},"end":{"line":123,"column":46}},"54":{"start":{"line":124,"column":4},"end":{"line":127,"column":5}},"55":{"start":{"line":125,"column":6},"end":{"line":125,"column":45}},"56":{"start":{"line":126,"column":6},"end":{"line":126,"column":18}},"57":{"start":{"line":129,"column":4},"end":{"line":129,"column":17}},"58":{"start":{"line":133,"column":17},"end":{"line":137,"column":8}},"59":{"start":{"line":134,"column":4},"end":{"line":134,"column":20}},"60":{"start":{"line":135,"column":4},"end":{"line":135,"column":24}},"61":{"start":{"line":136,"column":4},"end":{"line":136,"column":24}},"62":{"start":{"line":140,"column":27},"end":{"line":142,"column":8}},"63":{"start":{"line":141,"column":4},"end":{"line":141,"column":24}},"64":{"start":{"line":144,"column":2},"end":{"line":153,"column":4}},"65":{"start":{"line":63,"column":13},"end":{"line":63,"column":23}}},"fnMap":{"0":{"name":"(anonymous_9)","decl":{"start":{"line":19,"column":33},"end":{"line":19,"column":38}},"loc":{"start":{"line":19,"column":81},"end":{"line":30,"column":1}}},"1":{"name":"(anonymous_10)","decl":{"start":{"line":33,"column":31},"end":{"line":33,"column":36}},"loc":{"start":{"line":33,"column":79},"end":{"line":52,"column":1}}},"2":{"name":"(anonymous_11)","decl":{"start":{"line":55,"column":33},"end":{"line":55,"column":38}},"loc":{"start":{"line":55,"column":59},"end":{"line":61,"column":1}}},"3":{"name":"(anonymous_12)","decl":{"start":{"line":63,"column":23},"end":{"line":63,"column":26}},"loc":{"start":{"line":63,"column":28},"end":{"line":154,"column":1}}},"4":{"name":"(anonymous_13)","decl":{"start":{"line":73,"column":12},"end":{"line":73,"column":15}},"loc":{"start":{"line":73,"column":17},"end":{"line":104,"column":3}}},"5":{"name":"(anonymous_14)","decl":{"start":{"line":74,"column":45},"end":{"line":74,"column":50}},"loc":{"start":{"line":74,"column":73},"end":{"line":101,"column":5}}},"6":{"name":"(anonymous_15)","decl":{"start":{"line":107,"column":28},"end":{"line":107,"column":33}},"loc":{"start":{"line":107,"column":67},"end":{"line":109,"column":3}}},"7":{"name":"(anonymous_16)","decl":{"start":{"line":112,"column":31},"end":{"line":112,"column":36}},"loc":{"start":{"line":112,"column":79},"end":{"line":115,"column":3}}},"8":{"name":"(anonymous_17)","decl":{"start":{"line":118,"column":38},"end":{"line":118,"column":43}},"loc":{"start":{"line":118,"column":78},"end":{"line":130,"column":3}}},"9":{"name":"(anonymous_18)","decl":{"start":{"line":133,"column":29},"end":{"line":133,"column":34}},"loc":{"start":{"line":133,"column":55},"end":{"line":137,"column":3}}},"10":{"name":"(anonymous_19)","decl":{"start":{"line":140,"column":39},"end":{"line":140,"column":42}},"loc":{"start":{"line":140,"column":44},"end":{"line":142,"column":3}}}},"branchMap":{"0":{"loc":{"start":{"line":25,"column":2},"end":{"line":29,"column":3}},"type":"if","locations":[{"start":{"line":25,"column":2},"end":{"line":29,"column":3}},{"start":{"line":27,"column":9},"end":{"line":29,"column":3}}]},"1":{"loc":{"start":{"line":36,"column":2},"end":{"line":40,"column":3}},"type":"if","locations":[{"start":{"line":36,"column":2},"end":{"line":40,"column":3}},{"start":{"line":38,"column":9},"end":{"line":40,"column":3}}]},"2":{"loc":{"start":{"line":42,"column":2},"end":{"line":42,"column":25}},"type":"if","locations":[{"start":{"line":42,"column":2},"end":{"line":42,"column":25}},{"start":{},"end":{}}]},"3":{"loc":{"start":{"line":46,"column":2},"end":{"line":49,"column":3}},"type":"if","locations":[{"start":{"line":46,"column":2},"end":{"line":49,"column":3}},{"start":{},"end":{}}]},"4":{"loc":{"start":{"line":56,"column":2},"end":{"line":60,"column":3}},"type":"if","locations":[{"start":{"line":56,"column":2},"end":{"line":60,"column":3}},{"start":{"line":58,"column":9},"end":{"line":60,"column":3}}]},"5":{"loc":{"start":{"line":75,"column":6},"end":{"line":94,"column":7}},"type":"if","locations":[{"start":{"line":75,"column":6},"end":{"line":94,"column":7}},{"start":{"line":92,"column":13},"end":{"line":94,"column":7}}]},"6":{"loc":{"start":{"line":81,"column":8},"end":{"line":91,"column":9}},"type":"if","locations":[{"start":{"line":81,"column":8},"end":{"line":91,"column":9}},{"start":{},"end":{}}]},"7":{"loc":{"start":{"line":81,"column":12},"end":{"line":81,"column":30}},"type":"binary-expr","locations":[{"start":{"line":81,"column":12},"end":{"line":81,"column":19}},{"start":{"line":81,"column":23},"end":{"line":81,"column":30}}]},"8":{"loc":{"start":{"line":119,"column":4},"end":{"line":121,"column":5}},"type":"if","locations":[{"start":{"line":119,"column":4},"end":{"line":121,"column":5}},{"start":{},"end":{}}]},"9":{"loc":{"start":{"line":124,"column":4},"end":{"line":127,"column":5}},"type":"if","locations":[{"start":{"line":124,"column":4},"end":{"line":127,"column":5}},{"start":{},"end":{}}]}},"s":{"0":0,"1":0,"2":0,"3":0,"4":0,"5":0,"6":0,"7":0,"8":0,"9":0,"10":0,"11":0,"12":0,"13":0,"14":0,"15":0,"16":0,"17":0,"18":0,"19":0,"20":0,"21":0,"22":0,"23":0,"24":0,"25":0,"26":0,"27":0,"28":0,"29":0,"30":0,"31":0,"32":0,"33":0,"34":0,"35":0,"36":0,"37":0,"38":0,"39":0,"40":0,"41":0,"42":0,"43":0,"44":0,"45":0,"46":0,"47":0,"48":0,"49":0,"50":0,"51":0,"52":0,"53":0,"54":0,"55":0,"56":0,"57":0,"58":0,"59":0,"60":0,"61":0,"62":0,"63":0,"64":0,"65":0},"f":{"0":0,"1":0,"2":0,"3":0,"4":0,"5":0,"6":0,"7":0,"8":0,"9":0,"10":0},"b":{"0":[0,0],"1":[0,0],"2":[0,0],"3":[0,0],"4":[0,0],"5":[0,0],"6":[0,0],"7":[0,0],"8":[0,0],"9":[0,0]}}
,"/Users/ricardo/Documents/dev/micromuu/src/hooks/useAuthContext.tsx": {"path":"/Users/ricardo/Documents/dev/micromuu/src/hooks/useAuthContext.tsx","statementMap":{"0":{"start":{"line":1,"column":0},"end":{"line":1,"column":68}},"1":{"start":{"line":3,"column":0},"end":{"line":3,"column":36}},"2":{"start":{"line":19,"column":20},"end":{"line":19,"column":73}},"3":{"start":{"line":25,"column":57},"end":{"line":29,"column":1}},"4":{"start":{"line":26,"column":15},"end":{"line":26,"column":24}},"5":{"start":{"line":28,"column":2},"end":{"line":28,"column":78}},"6":{"start":{"line":25,"column":13},"end":{"line":25,"column":57}},"7":{"start":{"line":31,"column":30},"end":{"line":37,"column":1}},"8":{"start":{"line":32,"column":18},"end":{"line":32,"column":41}},"9":{"start":{"line":33,"column":2},"end":{"line":35,"column":3}},"10":{"start":{"line":34,"column":4},"end":{"line":34,"column":74}},"11":{"start":{"line":36,"column":2},"end":{"line":36,"column":17}},"12":{"start":{"line":31,"column":13},"end":{"line":31,"column":30}}},"fnMap":{"0":{"name":"(anonymous_9)","decl":{"start":{"line":25,"column":57},"end":{"line":25,"column":58}},"loc":{"start":{"line":25,"column":74},"end":{"line":29,"column":1}}},"1":{"name":"(anonymous_10)","decl":{"start":{"line":31,"column":30},"end":{"line":31,"column":50}},"loc":{"start":{"line":31,"column":52},"end":{"line":37,"column":1}}}},"branchMap":{"0":{"loc":{"start":{"line":33,"column":2},"end":{"line":35,"column":3}},"type":"if","locations":[{"start":{"line":33,"column":2},"end":{"line":35,"column":3}},{"start":{},"end":{}}]}},"s":{"0":0,"1":0,"2":0,"3":0,"4":0,"5":0,"6":0,"7":0,"8":0,"9":0,"10":0,"11":0,"12":0},"f":{"0":0,"1":0},"b":{"0":[0,0]}}
,"/Users/ricardo/Documents/dev/micromuu/src/navigation/AppNavigator.tsx": {"path":"/Users/ricardo/Documents/dev/micromuu/src/navigation/AppNavigator.tsx","statementMap":{"0":{"start":{"line":1,"column":0},"end":{"line":1,"column":26}},"1":{"start":{"line":2,"column":0},"end":{"line":2,"column":63}},"2":{"start":{"line":3,"column":0},"end":{"line":3,"column":76}},"3":{"start":{"line":4,"column":0},"end":{"line":4,"column":67}},"4":{"start":{"line":5,"column":0},"end":{"line":5,"column":57}},"5":{"start":{"line":6,"column":0},"end":{"line":6,"column":53}},"6":{"start":{"line":7,"column":0},"end":{"line":7,"column":59}},"7":{"start":{"line":8,"column":0},"end":{"line":8,"column":57}},"8":{"start":{"line":10,"column":0},"end":{"line":10,"column":40}},"9":{"start":{"line":11,"column":0},"end":{"line":11,"column":39}},"10":{"start":{"line":13,"column":18},"end":{"line":13,"column":66}},"11":{"start":{"line":14,"column":18},"end":{"line":14,"column":66}},"12":{"start":{"line":16,"column":16},"end":{"line":25,"column":2}},"13":{"start":{"line":27,"column":32},"end":{"line":39,"column":1}},"14":{"start":{"line":28,"column":2},"end":{"line":38,"column":4}},"15":{"start":{"line":41,"column":32},"end":{"line":52,"column":1}},"16":{"start":{"line":42,"column":2},"end":{"line":51,"column":4}},"17":{"start":{"line":54,"column":32},"end":{"line":57,"column":null}},"18":{"start":{"line":55,"column":2},"end":{"line":56,"column":null}},"19":{"start":{"line":60,"column":38},"end":{"line":91,"column":1}},"20":{"start":{"line":61,"column":64},"end":{"line":61,"column":80}},"21":{"start":{"line":63,"column":2},"end":{"line":65,"column":3}},"22":{"start":{"line":64,"column":4},"end":{"line":64,"column":29}},"23":{"start":{"line":68,"column":2},"end":{"line":74,"column":3}},"24":{"start":{"line":69,"column":4},"end":{"line":73,"column":6}},"25":{"start":{"line":77,"column":2},"end":{"line":83,"column":3}},"26":{"start":{"line":78,"column":4},"end":{"line":82,"column":6}},"27":{"start":{"line":86,"column":2},"end":{"line":90,"column":4}},"28":{"start":{"line":60,"column":13},"end":{"line":60,"column":38}},"29":{"start":{"line":93,"column":15},"end":{"line":100,"column":2}}},"fnMap":{"0":{"name":"(anonymous_10)","decl":{"start":{"line":27,"column":32},"end":{"line":27,"column":35}},"loc":{"start":{"line":27,"column":37},"end":{"line":39,"column":1}}},"1":{"name":"(anonymous_11)","decl":{"start":{"line":41,"column":32},"end":{"line":41,"column":35}},"loc":{"start":{"line":41,"column":37},"end":{"line":52,"column":1}}},"2":{"name":"(anonymous_12)","decl":{"start":{"line":54,"column":32},"end":{"line":54,"column":35}},"loc":{"start":{"line":55,"column":2},"end":{"line":56,"column":null}}},"3":{"name":"(anonymous_13)","decl":{"start":{"line":60,"column":38},"end":{"line":60,"column":41}},"loc":{"start":{"line":60,"column":43},"end":{"line":91,"column":1}}}},"branchMap":{"0":{"loc":{"start":{"line":63,"column":2},"end":{"line":65,"column":3}},"type":"if","locations":[{"start":{"line":63,"column":2},"end":{"line":65,"column":3}},{"start":{},"end":{}}]},"1":{"loc":{"start":{"line":68,"column":2},"end":{"line":74,"column":3}},"type":"if","locations":[{"start":{"line":68,"column":2},"end":{"line":74,"column":3}},{"start":{},"end":{}}]},"2":{"loc":{"start":{"line":77,"column":2},"end":{"line":83,"column":3}},"type":"if","locations":[{"start":{"line":77,"column":2},"end":{"line":83,"column":3}},{"start":{},"end":{}}]},"3":{"loc":{"start":{"line":77,"column":6},"end":{"line":77,"column":29}},"type":"binary-expr","locations":[{"start":{"line":77,"column":6},"end":{"line":77,"column":15}},{"start":{"line":77,"column":19},"end":{"line":77,"column":29}}]}},"s":{"0":0,"1":0,"2":0,"3":0,"4":0,"5":0,"6":0,"7":0,"8":0,"9":0,"10":0,"11":0,"12":0,"13":0,"14":0,"15":0,"16":0,"17":0,"18":0,"19":0,"20":0,"21":0,"22":0,"23":0,"24":0,"25":0,"26":0,"27":0,"28":0,"29":0},"f":{"0":0,"1":0,"2":0,"3":0},"b":{"0":[0,0],"1":[0,0],"2":[0,0],"3":[0,0]}}
,"/Users/ricardo/Documents/dev/micromuu/src/screens/LoginScreen.tsx": {"path":"/Users/ricardo/Documents/dev/micromuu/src/screens/LoginScreen.tsx","statementMap":{"0":{"start":{"line":1,"column":0},"end":{"line":1,"column":40}},"1":{"start":{"line":2,"column":0},"end":{"line":2,"column":86}},"2":{"start":{"line":4,"column":0},"end":{"line":4,"column":47}},"3":{"start":{"line":5,"column":0},"end":{"line":5,"column":57}},"4":{"start":{"line":8,"column":0},"end":{"line":8,"column":null}},"5":{"start":{"line":15,"column":0},"end":{"line":15,"column":45}},"6":{"start":{"line":21,"column":22},"end":{"line":24,"column":1}},"7":{"start":{"line":22,"column":21},"end":{"line":22,"column":49}},"8":{"start":{"line":23,"column":2},"end":{"line":23,"column":32}},"9":{"start":{"line":26,"column":17},"end":{"line":36,"column":null}},"10":{"start":{"line":27,"column":2},"end":{"line":35,"column":null}},"11":{"start":{"line":39,"column":18},"end":{"line":49,"column":null}},"12":{"start":{"line":40,"column":2},"end":{"line":48,"column":null}},"13":{"start":{"line":52,"column":55},"end":{"line":166,"column":1}},"14":{"start":{"line":53,"column":16},"end":{"line":53,"column":32}},"15":{"start":{"line":54,"column":20},"end":{"line":54,"column":36}},"16":{"start":{"line":56,"column":28},"end":{"line":56,"column":40}},"17":{"start":{"line":57,"column":36},"end":{"line":57,"column":51}},"18":{"start":{"line":58,"column":28},"end":{"line":58,"column":57}},"19":{"start":{"line":59,"column":34},"end":{"line":59,"column":49}},"20":{"start":{"line":61,"column":23},"end":{"line":84,"column":3}},"21":{"start":{"line":62,"column":4},"end":{"line":62,"column":19}},"22":{"start":{"line":64,"column":4},"end":{"line":67,"column":5}},"23":{"start":{"line":65,"column":6},"end":{"line":65,"column":40}},"24":{"start":{"line":66,"column":6},"end":{"line":66,"column":13}},"25":{"start":{"line":69,"column":4},"end":{"line":72,"column":5}},"26":{"start":{"line":70,"column":6},"end":{"line":70,"column":39}},"27":{"start":{"line":71,"column":6},"end":{"line":71,"column":13}},"28":{"start":{"line":74,"column":4},"end":{"line":74,"column":23}},"29":{"start":{"line":76,"column":4},"end":{"line":83,"column":5}},"30":{"start":{"line":77,"column":6},"end":{"line":77,"column":25}},"31":{"start":{"line":78,"column":6},"end":{"line":78,"column":24}},"32":{"start":{"line":80,"column":6},"end":{"line":80,"column":38}},"33":{"start":{"line":82,"column":6},"end":{"line":82,"column":26}},"34":{"start":{"line":86,"column":2},"end":{"line":111,"column":3}},"35":{"start":{"line":87,"column":4},"end":{"line":110,"column":6}},"36":{"start":{"line":102,"column":33},"end":{"line":102,"column":51}},"37":{"start":{"line":113,"column":2},"end":{"line":165,"column":4}},"38":{"start":{"line":153,"column":31},"end":{"line":153,"column":62}},"39":{"start":{"line":52,"column":13},"end":{"line":52,"column":55}},"40":{"start":{"line":168,"column":15},"end":{"line":249,"column":2}}},"fnMap":{"0":{"name":"(anonymous_9)","decl":{"start":{"line":21,"column":22},"end":{"line":21,"column":23}},"loc":{"start":{"line":21,"column":49},"end":{"line":24,"column":1}}},"1":{"name":"(anonymous_10)","decl":{"start":{"line":26,"column":17},"end":{"line":26,"column":20}},"loc":{"start":{"line":27,"column":2},"end":{"line":35,"column":null}}},"2":{"name":"(anonymous_11)","decl":{"start":{"line":39,"column":18},"end":{"line":39,"column":21}},"loc":{"start":{"line":40,"column":2},"end":{"line":48,"column":null}}},"3":{"name":"(anonymous_12)","decl":{"start":{"line":52,"column":55},"end":{"line":52,"column":56}},"loc":{"start":{"line":52,"column":74},"end":{"line":166,"column":1}}},"4":{"name":"(anonymous_13)","decl":{"start":{"line":61,"column":23},"end":{"line":61,"column":28}},"loc":{"start":{"line":61,"column":34},"end":{"line":84,"column":3}}},"5":{"name":"(anonymous_14)","decl":{"start":{"line":102,"column":27},"end":{"line":102,"column":30}},"loc":{"start":{"line":102,"column":33},"end":{"line":102,"column":51}}},"6":{"name":"(anonymous_15)","decl":{"start":{"line":153,"column":25},"end":{"line":153,"column":28}},"loc":{"start":{"line":153,"column":31},"end":{"line":153,"column":62}}}},"branchMap":{"0":{"loc":{"start":{"line":64,"column":4},"end":{"line":67,"column":5}},"type":"if","locations":[{"start":{"line":64,"column":4},"end":{"line":67,"column":5}},{"start":{},"end":{}}]},"1":{"loc":{"start":{"line":69,"column":4},"end":{"line":72,"column":5}},"type":"if","locations":[{"start":{"line":69,"column":4},"end":{"line":72,"column":5}},{"start":{},"end":{}}]},"2":{"loc":{"start":{"line":86,"column":2},"end":{"line":111,"column":3}},"type":"if","locations":[{"start":{"line":86,"column":2},"end":{"line":111,"column":3}},{"start":{},"end":{}}]},"3":{"loc":{"start":{"line":116,"column":18},"end":{"line":116,"column":62}},"type":"cond-expr","locations":[{"start":{"line":116,"column":42},"end":{"line":116,"column":51}},{"start":{"line":116,"column":54},"end":{"line":116,"column":62}}]},"4":{"loc":{"start":{"line":136,"column":21},"end":{"line":136,"column":39}},"type":"binary-expr","locations":[{"start":{"line":136,"column":21},"end":{"line":136,"column":26}},{"start":{"line":136,"column":30},"end":{"line":136,"column":39}}]}},"s":{"0":0,"1":0,"2":0,"3":0,"4":0,"5":0,"6":0,"7":0,"8":0,"9":0,"10":0,"11":0,"12":0,"13":0,"14":0,"15":0,"16":0,"17":0,"18":0,"19":0,"20":0,"21":0,"22":0,"23":0,"24":0,"25":0,"26":0,"27":0,"28":0,"29":0,"30":0,"31":0,"32":0,"33":0,"34":0,"35":0,"36":0,"37":0,"38":0,"39":0,"40":0},"f":{"0":0,"1":0,"2":0,"3":0,"4":0,"5":0,"6":0},"b":{"0":[0,0],"1":[0,0],"2":[0,0],"3":[0,0],"4":[0,0]}}
,"/Users/ricardo/Documents/dev/micromuu/src/screens/RegisterScreen.tsx": {"path":"/Users/ricardo/Documents/dev/micromuu/src/screens/RegisterScreen.tsx","statementMap":{"0":{"start":{"line":1,"column":0},"end":{"line":1,"column":40}},"1":{"start":{"line":2,"column":0},"end":{"line":2,"column":98}},"2":{"start":{"line":3,"column":0},"end":{"line":3,"column":47}},"3":{"start":{"line":4,"column":0},"end":{"line":4,"column":57}},"4":{"start":{"line":7,"column":0},"end":{"line":7,"column":null}},"5":{"start":{"line":14,"column":0},"end":{"line":14,"column":53}},"6":{"start":{"line":26,"column":22},"end":{"line":29,"column":1}},"7":{"start":{"line":27,"column":21},"end":{"line":27,"column":49}},"8":{"start":{"line":28,"column":2},"end":{"line":28,"column":32}},"9":{"start":{"line":31,"column":17},"end":{"line":41,"column":null}},"10":{"start":{"line":32,"column":2},"end":{"line":40,"column":null}},"11":{"start":{"line":44,"column":17},"end":{"line":54,"column":null}},"12":{"start":{"line":45,"column":2},"end":{"line":53,"column":null}},"13":{"start":{"line":57,"column":18},"end":{"line":67,"column":null}},"14":{"start":{"line":58,"column":2},"end":{"line":66,"column":null}},"15":{"start":{"line":70,"column":61},"end":{"line":219,"column":1}},"16":{"start":{"line":71,"column":16},"end":{"line":71,"column":32}},"17":{"start":{"line":72,"column":23},"end":{"line":72,"column":39}},"18":{"start":{"line":74,"column":26},"end":{"line":74,"column":38}},"19":{"start":{"line":75,"column":34},"end":{"line":75,"column":46}},"20":{"start":{"line":76,"column":28},"end":{"line":76,"column":40}},"21":{"start":{"line":77,"column":36},"end":{"line":77,"column":51}},"22":{"start":{"line":78,"column":30},"end":{"line":78,"column":54}},"23":{"start":{"line":79,"column":34},"end":{"line":79,"column":49}},"24":{"start":{"line":81,"column":19},"end":{"line":100,"column":3}},"25":{"start":{"line":82,"column":34},"end":{"line":82,"column":36}},"26":{"start":{"line":84,"column":4},"end":{"line":86,"column":5}},"27":{"start":{"line":85,"column":6},"end":{"line":85,"column":54}},"28":{"start":{"line":88,"column":4},"end":{"line":90,"column":5}},"29":{"start":{"line":89,"column":6},"end":{"line":89,"column":62}},"30":{"start":{"line":92,"column":4},"end":{"line":96,"column":5}},"31":{"start":{"line":93,"column":6},"end":{"line":93,"column":48}},"32":{"start":{"line":94,"column":11},"end":{"line":96,"column":5}},"33":{"start":{"line":95,"column":6},"end":{"line":95,"column":47}},"34":{"start":{"line":98,"column":4},"end":{"line":98,"column":25}},"35":{"start":{"line":99,"column":4},"end":{"line":99,"column":47}},"36":{"start":{"line":102,"column":23},"end":{"line":115,"column":3}},"37":{"start":{"line":103,"column":4},"end":{"line":103,"column":28}},"38":{"start":{"line":103,"column":21},"end":{"line":103,"column":28}},"39":{"start":{"line":105,"column":4},"end":{"line":105,"column":23}},"40":{"start":{"line":107,"column":4},"end":{"line":114,"column":5}},"41":{"start":{"line":108,"column":6},"end":{"line":108,"column":48}},"42":{"start":{"line":109,"column":6},"end":{"line":109,"column":24}},"43":{"start":{"line":111,"column":6},"end":{"line":111,"column":52}},"44":{"start":{"line":113,"column":6},"end":{"line":113,"column":26}},"45":{"start":{"line":117,"column":2},"end":{"line":142,"column":3}},"46":{"start":{"line":118,"column":4},"end":{"line":141,"column":6}},"47":{"start":{"line":133,"column":33},"end":{"line":133,"column":51}},"48":{"start":{"line":144,"column":2},"end":{"line":218,"column":4}},"49":{"start":{"line":209,"column":33},"end":{"line":209,"column":61}},"50":{"start":{"line":70,"column":13},"end":{"line":70,"column":61}},"51":{"start":{"line":221,"column":15},"end":{"line":297,"column":2}}},"fnMap":{"0":{"name":"(anonymous_9)","decl":{"start":{"line":26,"column":22},"end":{"line":26,"column":23}},"loc":{"start":{"line":26,"column":49},"end":{"line":29,"column":1}}},"1":{"name":"(anonymous_10)","decl":{"start":{"line":31,"column":17},"end":{"line":31,"column":20}},"loc":{"start":{"line":32,"column":2},"end":{"line":40,"column":null}}},"2":{"name":"(anonymous_11)","decl":{"start":{"line":44,"column":17},"end":{"line":44,"column":20}},"loc":{"start":{"line":45,"column":2},"end":{"line":53,"column":null}}},"3":{"name":"(anonymous_12)","decl":{"start":{"line":57,"column":18},"end":{"line":57,"column":21}},"loc":{"start":{"line":58,"column":2},"end":{"line":66,"column":null}}},"4":{"name":"(anonymous_13)","decl":{"start":{"line":70,"column":61},"end":{"line":70,"column":62}},"loc":{"start":{"line":70,"column":80},"end":{"line":219,"column":1}}},"5":{"name":"(anonymous_14)","decl":{"start":{"line":81,"column":19},"end":{"line":81,"column":31}},"loc":{"start":{"line":81,"column":33},"end":{"line":100,"column":3}}},"6":{"name":"(anonymous_15)","decl":{"start":{"line":102,"column":23},"end":{"line":102,"column":28}},"loc":{"start":{"line":102,"column":34},"end":{"line":115,"column":3}}},"7":{"name":"(anonymous_16)","decl":{"start":{"line":133,"column":27},"end":{"line":133,"column":30}},"loc":{"start":{"line":133,"column":33},"end":{"line":133,"column":51}}},"8":{"name":"(anonymous_17)","decl":{"start":{"line":209,"column":27},"end":{"line":209,"column":30}},"loc":{"start":{"line":209,"column":33},"end":{"line":209,"column":61}}}},"branchMap":{"0":{"loc":{"start":{"line":84,"column":4},"end":{"line":86,"column":5}},"type":"if","locations":[{"start":{"line":84,"column":4},"end":{"line":86,"column":5}},{"start":{},"end":{}}]},"1":{"loc":{"start":{"line":88,"column":4},"end":{"line":90,"column":5}},"type":"if","locations":[{"start":{"line":88,"column":4},"end":{"line":90,"column":5}},{"start":{},"end":{}}]},"2":{"loc":{"start":{"line":92,"column":4},"end":{"line":96,"column":5}},"type":"if","locations":[{"start":{"line":92,"column":4},"end":{"line":96,"column":5}},{"start":{"line":94,"column":11},"end":{"line":96,"column":5}}]},"3":{"loc":{"start":{"line":94,"column":11},"end":{"line":96,"column":5}},"type":"if","locations":[{"start":{"line":94,"column":11},"end":{"line":96,"column":5}},{"start":{},"end":{}}]},"4":{"loc":{"start":{"line":103,"column":4},"end":{"line":103,"column":28}},"type":"if","locations":[{"start":{"line":103,"column":4},"end":{"line":103,"column":28}},{"start":{},"end":{}}]},"5":{"loc":{"start":{"line":117,"column":2},"end":{"line":142,"column":3}},"type":"if","locations":[{"start":{"line":117,"column":2},"end":{"line":142,"column":3}},{"start":{},"end":{}}]},"6":{"loc":{"start":{"line":147,"column":18},"end":{"line":147,"column":62}},"type":"cond-expr","locations":[{"start":{"line":147,"column":42},"end":{"line":147,"column":51}},{"start":{"line":147,"column":54},"end":{"line":147,"column":62}}]}},"s":{"0":0,"1":0,"2":0,"3":0,"4":0,"5":0,"6":0,"7":0,"8":0,"9":0,"10":0,"11":0,"12":0,"13":0,"14":0,"15":0,"16":0,"17":0,"18":0,"19":0,"20":0,"21":0,"22":0,"23":0,"24":0,"25":0,"26":0,"27":0,"28":0,"29":0,"30":0,"31":0,"32":0,"33":0,"34":0,"35":0,"36":0,"37":0,"38":0,"39":0,"40":0,"41":0,"42":0,"43":0,"44":0,"45":0,"46":0,"47":0,"48":0,"49":0,"50":0,"51":0},"f":{"0":0,"1":0,"2":0,"3":0,"4":0,"5":0,"6":0,"7":0,"8":0},"b":{"0":[0,0],"1":[0,0],"2":[0,0],"3":[0,0],"4":[0,0],"5":[0,0],"6":[0,0]}}
,"/Users/ricardo/Documents/dev/micromuu/src/screens/WelcomeScreen.tsx": {"path":"/Users/ricardo/Documents/dev/micromuu/src/screens/WelcomeScreen.tsx","statementMap":{"0":{"start":{"line":1,"column":0},"end":{"line":1,"column":51}},"1":{"start":{"line":2,"column":0},"end":{"line":2,"column":64}},"2":{"start":{"line":3,"column":0},"end":{"line":3,"column":47}},"3":{"start":{"line":4,"column":0},"end":{"line":4,"column":57}},"4":{"start":{"line":5,"column":0},"end":{"line":5,"column":62}},"5":{"start":{"line":6,"column":0},"end":{"line":6,"column":null}},"6":{"start":{"line":13,"column":0},"end":{"line":13,"column":56}},"7":{"start":{"line":15,"column":16},"end":{"line":51,"column":null}},"8":{"start":{"line":16,"column":2},"end":{"line":50,"column":null}},"9":{"start":{"line":54,"column":18},"end":{"line":66,"column":null}},"10":{"start":{"line":55,"column":2},"end":{"line":65,"column":null}},"11":{"start":{"line":58,"column":8},"end":{"line":62,"column":null}},"12":{"start":{"line":69,"column":39},"end":{"line":177,"column":1}},"13":{"start":{"line":70,"column":16},"end":{"line":70,"column":32}},"14":{"start":{"line":71,"column":45},"end":{"line":71,"column":61}},"15":{"start":{"line":72,"column":32},"end":{"line":72,"column":66}},"16":{"start":{"line":73,"column":21},"end":{"line":73,"column":52}},"17":{"start":{"line":74,"column":22},"end":{"line":74,"column":55}},"18":{"start":{"line":76,"column":2},"end":{"line":100,"column":13}},"19":{"start":{"line":77,"column":24},"end":{"line":82,"column":5}},"20":{"start":{"line":78,"column":6},"end":{"line":81,"column":7}},"21":{"start":{"line":79,"column":28},"end":{"line":79,"column":54}},"22":{"start":{"line":80,"column":8},"end":{"line":80,"column":32}},"23":{"start":{"line":84,"column":4},"end":{"line":84,"column":18}},"24":{"start":{"line":87,"column":4},"end":{"line":99,"column":15}},"25":{"start":{"line":102,"column":2},"end":{"line":106,"column":25}},"26":{"start":{"line":103,"column":4},"end":{"line":105,"column":6}},"27":{"start":{"line":104,"column":6},"end":{"line":104,"column":25}},"28":{"start":{"line":108,"column":19},"end":{"line":108,"column":38}},"29":{"start":{"line":110,"column":2},"end":{"line":176,"column":4}},"30":{"start":{"line":155,"column":31},"end":{"line":155,"column":49}},"31":{"start":{"line":69,"column":13},"end":{"line":69,"column":39}},"32":{"start":{"line":179,"column":15},"end":{"line":297,"column":2}}},"fnMap":{"0":{"name":"(anonymous_9)","decl":{"start":{"line":15,"column":16},"end":{"line":15,"column":17}},"loc":{"start":{"line":16,"column":2},"end":{"line":50,"column":null}}},"1":{"name":"(anonymous_10)","decl":{"start":{"line":54,"column":18},"end":{"line":54,"column":19}},"loc":{"start":{"line":55,"column":2},"end":{"line":65,"column":null}}},"2":{"name":"(anonymous_11)","decl":{"start":{"line":57,"column":26},"end":{"line":57,"column":27}},"loc":{"start":{"line":58,"column":8},"end":{"line":62,"column":null}}},"3":{"name":"(anonymous_12)","decl":{"start":{"line":69,"column":39},"end":{"line":69,"column":42}},"loc":{"start":{"line":69,"column":44},"end":{"line":177,"column":1}}},"4":{"name":"(anonymous_13)","decl":{"start":{"line":76,"column":12},"end":{"line":76,"column":15}},"loc":{"start":{"line":76,"column":17},"end":{"line":100,"column":3}}},"5":{"name":"(anonymous_14)","decl":{"start":{"line":77,"column":24},"end":{"line":77,"column":29}},"loc":{"start":{"line":77,"column":35},"end":{"line":82,"column":5}}},"6":{"name":"(anonymous_15)","decl":{"start":{"line":102,"column":12},"end":{"line":102,"column":15}},"loc":{"start":{"line":102,"column":17},"end":{"line":106,"column":3}}},"7":{"name":"(anonymous_16)","decl":{"start":{"line":103,"column":11},"end":{"line":103,"column":14}},"loc":{"start":{"line":103,"column":16},"end":{"line":105,"column":5}}},"8":{"name":"(anonymous_17)","decl":{"start":{"line":155,"column":25},"end":{"line":155,"column":28}},"loc":{"start":{"line":155,"column":31},"end":{"line":155,"column":49}}}},"branchMap":{"0":{"loc":{"start":{"line":15,"column":19},"end":{"line":15,"column":28}},"type":"default-arg","locations":[{"start":{"line":15,"column":26},"end":{"line":15,"column":28}}]},"1":{"loc":{"start":{"line":15,"column":30},"end":{"line":15,"column":47}},"type":"default-arg","locations":[{"start":{"line":15,"column":38},"end":{"line":15,"column":47}}]},"2":{"loc":{"start":{"line":54,"column":21},"end":{"line":54,"column":38}},"type":"default-arg","locations":[{"start":{"line":54,"column":29},"end":{"line":54,"column":38}}]},"3":{"loc":{"start":{"line":78,"column":6},"end":{"line":81,"column":7}},"type":"if","locations":[{"start":{"line":78,"column":6},"end":{"line":81,"column":7}},{"start":{},"end":{}}]},"4":{"loc":{"start":{"line":108,"column":19},"end":{"line":108,"column":38}},"type":"binary-expr","locations":[{"start":{"line":108,"column":19},"end":{"line":108,"column":32}},{"start":{"line":108,"column":36},"end":{"line":108,"column":38}}]}},"s":{"0":0,"1":0,"2":0,"3":0,"4":0,"5":0,"6":0,"7":0,"8":0,"9":0,"10":0,"11":0,"12":0,"13":0,"14":0,"15":0,"16":0,"17":0,"18":0,"19":0,"20":0,"21":0,"22":0,"23":0,"24":0,"25":0,"26":0,"27":0,"28":0,"29":0,"30":0,"31":0,"32":0},"f":{"0":0,"1":0,"2":0,"3":0,"4":0,"5":0,"6":0,"7":0,"8":0},"b":{"0":[0],"1":[0],"2":[0],"3":[0,0],"4":[0,0]}}
,"/Users/ricardo/Documents/dev/micromuu/src/services/profile.ts": {"path":"/Users/ricardo/Documents/dev/micromuu/src/services/profile.ts","statementMap":{"0":{"start":{"line":1,"column":0},"end":{"line":1,"column":null}},"1":{"start":{"line":8,"column":0},"end":{"line":8,"column":32}},"2":{"start":{"line":26,"column":29},"end":{"line":39,"column":1}},"3":{"start":{"line":30,"column":21},"end":{"line":30,"column":48}},"4":{"start":{"line":32,"column":2},"end":{"line":38,"column":5}},"5":{"start":{"line":26,"column":13},"end":{"line":26,"column":29}},"6":{"start":{"line":42,"column":26},"end":{"line":59,"column":1}},"7":{"start":{"line":43,"column":21},"end":{"line":43,"column":48}},"8":{"start":{"line":44,"column":19},"end":{"line":44,"column":43}},"9":{"start":{"line":46,"column":2},"end":{"line":48,"column":3}},"10":{"start":{"line":47,"column":4},"end":{"line":47,"column":16}},"11":{"start":{"line":50,"column":15},"end":{"line":50,"column":30}},"12":{"start":{"line":51,"column":2},"end":{"line":58,"column":4}},"13":{"start":{"line":42,"column":13},"end":{"line":42,"column":26}},"14":{"start":{"line":62,"column":29},"end":{"line":72,"column":1}},"15":{"start":{"line":66,"column":21},"end":{"line":66,"column":48}},"16":{"start":{"line":68,"column":2},"end":{"line":71,"column":5}},"17":{"start":{"line":62,"column":13},"end":{"line":62,"column":29}},"18":{"start":{"line":75,"column":29},"end":{"line":79,"column":1}},"19":{"start":{"line":76,"column":21},"end":{"line":76,"column":48}},"20":{"start":{"line":77,"column":19},"end":{"line":77,"column":43}},"21":{"start":{"line":78,"column":2},"end":{"line":78,"column":27}},"22":{"start":{"line":75,"column":13},"end":{"line":75,"column":29}}},"fnMap":{"0":{"name":"(anonymous_0)","decl":{"start":{"line":26,"column":29},"end":{"line":26,"column":34}},"loc":{"start":{"line":29,"column":19},"end":{"line":39,"column":1}}},"1":{"name":"(anonymous_1)","decl":{"start":{"line":42,"column":26},"end":{"line":42,"column":31}},"loc":{"start":{"line":42,"column":80},"end":{"line":59,"column":1}}},"2":{"name":"(anonymous_2)","decl":{"start":{"line":62,"column":29},"end":{"line":62,"column":34}},"loc":{"start":{"line":65,"column":19},"end":{"line":72,"column":1}}},"3":{"name":"(anonymous_3)","decl":{"start":{"line":75,"column":29},"end":{"line":75,"column":34}},"loc":{"start":{"line":75,"column":72},"end":{"line":79,"column":1}}}},"branchMap":{"0":{"loc":{"start":{"line":46,"column":2},"end":{"line":48,"column":3}},"type":"if","locations":[{"start":{"line":46,"column":2},"end":{"line":48,"column":3}},{"start":{},"end":{}}]}},"s":{"0":0,"1":0,"2":0,"3":0,"4":0,"5":0,"6":0,"7":0,"8":0,"9":0,"10":0,"11":0,"12":0,"13":0,"14":0,"15":0,"16":0,"17":0,"18":0,"19":0,"20":0,"21":0,"22":0},"f":{"0":0,"1":0,"2":0,"3":0},"b":{"0":[0,0]}}
}
